Workspace extension with invalid name (defaultProject) found.
- Generating browser application bundles (phase: setup)...
    TypeScript compiler options "target" and "useDefineForClassFields" are set to "ES2022" and "false" respectively by the Angular CLI. To control ECMA version and features use the Browerslist configuration. For more information, see https://angular.io/guide/build#configuring-browser-compatibility
    NOTE: You can set the "target" to "ES2022" in the project's tsconfig to remove this warning.
✔ Browser application bundle generation complete.
✔ Browser application bundle generation complete.
✔ Browser application bundle generation complete.
✔ Browser application bundle generation complete.
✔ Browser application bundle generation complete.
✔ Browser application bundle generation complete.
✔ Browser application bundle generation complete.

Error: src/app/pages/dashboard/dashboard.component.ts:51:37 - error TS2554: Expected 0 arguments, but got 1.

51     this.api.requestOperatorUpgrade(this.upgradeRequest).subscribe({
                                       ~~~~~~~~~~~~~~~~~~~



✔ Browser application bundle generation complete.
✔ Browser application bundle generation complete.

Error: src/app/pages/admin/admin.component.ts:123:14 - error TS2554: Expected 2 arguments, but got 1.

123     this.api.approveOperator(request.id).subscribe({
                 ~~~~~~~~~~~~~~~~~~~~~~~~~~~

  src/app/services/api.service.ts:100:42
    100   public approveOperator(userId: string, routeId: any) {
                                                 ~~~~~~~~~~~~
    An argument for 'routeId' was not provided.



✔ Browser application bundle generation complete.
✔ Browser application bundle generation complete.
✔ Browser application bundle generation complete.
✔ Browser application bundle generation complete.
✔ Browser application bundle generation complete.
✔ Browser application bundle generation complete.
✔ Browser application bundle generation complete.
✔ Browser application bundle generation complete.
✔ Browser application bundle generation complete.
✔ Browser application bundle generation complete.
✔ Browser application bundle generation complete.
✔ Browser application bundle generation complete.
✔ Browser application bundle generation complete.
✔ Browser application bundle generation complete.
✔ Browser application bundle generation complete.
✔ Browser application bundle generation complete.
✔ Browser application bundle generation complete.
✔ Browser application bundle generation complete.
✔ Browser application bundle generation complete.
✔ Browser application bundle generation complete.
✔ Browser application bundle generation complete.
✔ Browser application bundle generation complete.
✔ Browser application bundle generation complete.
✔ Browser application bundle generation complete.
✔ Browser application bundle generation complete.
✔ Browser application bundle generation complete.
^C^C